42
111111111111
37
111101111111
36
111011111111 111110111111 111111011111
35
111111101111
33
111100111111 111101011111
32
110111111111 111010111111 111011011111 111110011111 111110101111 111111001111
111111110111
31
111001111111 111101101111
30
110110111111 111011101111 111111010111 111111100111
29
110101011011 110111011111 110111111011 111001011111 111001101111 111010101111
111011110111 111100101111 111101110111 111110110111
28
110101011111 110101101111 110101111011 110101111111 110110101111 110110110111
110111101111 111010011111 111010110111 111011001111 111011010111 111100110111
111101010111 111110010111
